<?xml version="1.0" encoding="UTF-8"?>
<testsuite name="SimpleBankSystemTest" tests="1" skipped="0" failures="0" errors="0" timestamp="2022-03-16T04:14:11" hostname="LAPTOP-NNEQ7UTK" time="0.356">
  <properties/>
  <testcase name="start" classname="SimpleBankSystemTest" time="0.356"/>
  <system-out><![CDATA[?[1;31m
Start test 1?[0m
1. Create an account
2. Log into account
0. Exit
> 0

Bye!
?[1;31m
Start test 2?[0m
1. Create an account
2. Log into account
0. Exit
> 0

Bye!
?[1;31m
Start test 3?[0m
1. Create an account
2. Log into account
0. Exit
> 0

Bye!
?[1;31m
Start test 4?[0m
1. Create an account
2. Log into account
0. Exit
> 0

Bye!
?[1;31m
Start test 5?[0m
1. Create an account
2. Log into account
0. Exit
> 1

Your card has been created
Your card number:
4000000392271708
Your card PIN:
0181

1. Create an account
2. Log into account
0. Exit
> 1

Your card has been created
Your card number:
4000000438963730
Your card PIN:
9104

1. Create an account
2. Log into account
0. Exit
> 1

Your card has been created
Your card number:
4000006302178073
Your card PIN:
3712

1. Create an account
2. Log into account
0. Exit
> 1

Your card has been created
Your card number:
4000000571895293
Your card PIN:
1882

1. Create an account
2. Log into account
0. Exit
> 1

Your card has been created
Your card number:
4000004167505613
Your card PIN:
8618

1. Create an account
2. Log into account
0. Exit
> 0

Bye!
4000000392271708
4000000438963730
4000006302178073
4000000571895293
4000004167505613
?[1;31m
Start test 6?[0m
1. Create an account
2. Log into account
0. Exit
> 1

Your card has been created
Your card number:
4000002621887874
Your card PIN:
5954

1. Create an account
2. Log into account
0. Exit
> 2

Enter your card number:
> 4000002621887874
Enter your PIN:
> 5954

You have successfully logged in!

1. Balance
2. Add income
3. Do transfer
4. Close account
5. Log out
0. Exit
> 0

Bye!
?[1;31m
Start test 7?[0m
1. Create an account
2. Log into account
0. Exit
> 1

Your card has been created
Your card number:
4000002527894255
Your card PIN:
0297

1. Create an account
2. Log into account
0. Exit
> 2

Enter your card number:
> 4000002527894255
Enter your PIN:
> 3170

Wrong card number or PIN!

1. Create an account
2. Log into account
0. Exit
> 0

Bye!
?[1;31m
Start test 8?[0m
1. Create an account
2. Log into account
0. Exit
> 1

Your card has been created
Your card number:
4000000982129795
Your card PIN:
9597

1. Create an account
2. Log into account
0. Exit
> 2

Enter your card number:
> 400000360634700
Enter your PIN:
> 9597

Wrong card number or PIN!

1. Create an account
2. Log into account
0. Exit
> 0

Bye!
?[1;31m
Start test 9?[0m
1. Create an account
2. Log into account
0. Exit
> 1

Your card has been created
Your card number:
4000001688312156
Your card PIN:
8238

1. Create an account
2. Log into account
0. Exit
> 2

Enter your card number:
> 4000001688312156
Enter your PIN:
> 8238

You have successfully logged in!

1. Balance
2. Add income
3. Do transfer
4. Close account
5. Log out
0. Exit
> 1

Balance: 0
1. Balance
2. Add income
3. Do transfer
4. Close account
5. Log out
0. Exit
> 0

Bye!
?[1;31m
Start test 10?[0m
1. Create an account
2. Log into account
0. Exit
> 1

Your card has been created
Your card number:
4000004429502218
Your card PIN:
1727

1. Create an account
2. Log into account
0. Exit
> 2

Enter your card number:
> 4000004429502218
Enter your PIN:
> 1727

You have successfully logged in!

1. Balance
2. Add income
3. Do transfer
4. Close account
5. Log out
0. Exit
> 2

Enter income:
> 10000
Income was added!

1. Balance
2. Add income
3. Do transfer
4. Close account
5. Log out
0. Exit
> 0

Bye!
1. Create an account
2. Log into account
0. Exit
> 2

Enter your card number:
> 4000004429502218
Enter your PIN:
> 1727

You have successfully logged in!

1. Balance
2. Add income
3. Do transfer
4. Close account
5. Log out
0. Exit
> 2

Enter income:
> 15000
Income was added!

1. Balance
2. Add income
3. Do transfer
4. Close account
5. Log out
0. Exit
> 0

Bye!
?[1;31m
Start test 11?[0m
1. Create an account
2. Log into account
0. Exit
> 1

Your card has been created
Your card number:
4000005198368582
Your card PIN:
4835

1. Create an account
2. Log into account
0. Exit
> 1

Your card has been created
Your card number:
4000008207483848
Your card PIN:
2135

1. Create an account
2. Log into account
0. Exit
> 2

Enter your card number:
> 4000008207483848
Enter your PIN:
> 2135

You have successfully logged in!

1. Balance
2. Add income
3. Do transfer
4. Close account
5. Log out
0. Exit
> 3

Transfer
Enter card number:
> 2000007269641764
Probably you made a mistake in the card number. Please try again!
Such a card does not exist.

1. Balance
2. Add income
3. Do transfer
4. Close account
5. Log out
0. Exit
> 3

Transfer
Enter card number:
> 2000007269641768
Such a card does not exist.

1. Balance
2. Add income
3. Do transfer
4. Close account
5. Log out
0. Exit
> 3

Transfer
Enter card number:
> 4000005198368582
Enter how much money you want to transfer:
> 100000
Not enough money!

1. Balance
2. Add income
3. Do transfer
4. Close account
5. Log out
0. Exit
> 2

Enter income:
> 20000
Income was added!

1. Balance
2. Add income
3. Do transfer
4. Close account
5. Log out
0. Exit
> 3

Transfer
Enter card number:
> 4000005198368582
Enter how much money you want to transfer:
> 10000
Success!

1. Balance
2. Add income
3. Do transfer
4. Close account
5. Log out
0. Exit
> 0

Bye!
?[1;31m
Start test 12?[0m
1. Create an account
2. Log into account
0. Exit
> 1

Your card has been created
Your card number:
4000009725261880
Your card PIN:
9451

1. Create an account
2. Log into account
0. Exit
> 2

Enter your card number:
> 4000009725261880
Enter your PIN:
> 9451

You have successfully logged in!

1. Balance
2. Add income
3. Do transfer
4. Close account
5. Log out
0. Exit
> 4

The account has been closed!

1. Create an account
2. Log into account
0. Exit
> 0

Bye!
]]></system-out>
  <system-err><![CDATA[]]></system-err>
</testsuite>
